<?xml version="1.0" encoding="UTF-8"?>
<testng-results ignored="0" total="1" passed="1" failed="0" skipped="0">
  <reporter-output>
  </reporter-output>
  <suite started-at="2024-05-22T22:59:14 IST" name="Default suite" finished-at="2024-05-22T22:59:23 IST" duration-ms="9366">
    <groups>
    </groups>
    <test started-at="2024-05-22T22:59:14 IST" name="Default test" finished-at="2024-05-22T22:59:23 IST" duration-ms="9366">
      <class name="com.SeleniumFramework.TestCases.TC_01_Login">
        <test-method is-config="true" signature="beforeSuite()[pri:0, instance:com.SeleniumFramework.TestCases.TC_01_Login@4659191b]" started-at="2024-05-22T22:58:46 IST" name="beforeSuite" finished-at="2024-05-22T22:59:14 IST" duration-ms="28029" status="PASS">
          <reporter-output>
          </reporter-output>
        </test-method> <!-- beforeSuite -->
        <test-method signature="LoginFlowValidation()[pri:0, instance:com.SeleniumFramework.TestCases.TC_01_Login@4659191b]" started-at="2024-05-22T22:59:14 IST" name="LoginFlowValidation" finished-at="2024-05-22T22:59:23 IST" duration-ms="9291" status="PASS">
          <reporter-output>
          </reporter-output>
        </test-method> <!-- LoginFlowValidation -->
        <test-method is-config="true" signature="AfterSuite()[pri:0, instance:com.SeleniumFramework.TestCases.TC_01_Login@4659191b]" started-at="2024-05-22T22:59:24 IST" name="AfterSuite" finished-at="2024-05-22T22:59:24 IST" duration-ms="1" status="PASS">
          <reporter-output>
          </reporter-output>
        </test-method> <!-- AfterSuite -->
      </class> <!-- com.SeleniumFramework.TestCases.TC_01_Login -->
    </test> <!-- Default test -->
  </suite> <!-- Default suite -->
</testng-results>
